<?xml version="1.0" encoding="UTF-8"?>
<testng-results skipped="0" failed="0" ignored="0" total="0" passed="0">
  <reporter-output>
  </reporter-output>
  <suite name="com.org.test.MavenFirstProject.AppTest" duration-ms="6" started-at="2017-09-11T03:22:31Z" finished-at="2017-09-11T03:22:31Z">
    <groups>
    </groups>
    <test name="Command line test" duration-ms="6" started-at="2017-09-11T03:22:31Z" finished-at="2017-09-11T03:22:31Z">
    </test> <!-- Command line test -->
  </suite> <!-- com.org.test.MavenFirstProject.AppTest -->
</testng-results>
